---
driver=<class 'textual._linux_driver.LinuxDriver'>
Load() >>> Climeat(title='Textual')
Mount() >>> Climeat(title='Climeat')
Mount() >>> DockView(name='DockView#1')
Mount() >>> CustomHeader('')
Mount() >>> ScrollView(name='ScrollView#1')
Mount() >>> ScrollView(name='ScrollView#1')
Mount() >>> WindowView(name='WindowView#1')
TRANSLATING layout
WindowChange(WindowView(name='WindowView#1')) >>> ScrollView(name='ScrollView#1')
WindowChange(WindowView(name='WindowView#1')) >>> ScrollView(name='ScrollView#1')
set_focus TextInput(name='city_name', title='City Name', value='')
Focus() >>> TextInput(name='city_name', title='City Name', value='')
MouseDown(x=19, y=1, screen_y=2, button=1) >>> TextInput(name='city_name', title='City Name', value='')
MouseUp(x=19, y=1, screen_y=2, button=1) >>> TextInput(name='city_name', title='City Name', value='')
Click(x=19, y=1, screen_y=2, button=1) >>> TextInput(name='city_name', title='City Name', value='')
Key(key='L') >>> TextInput(name='city_name', title='City Name', value='')
Key(key='o') >>> TextInput(name='city_name', title='City Name', value='L')
Key(key='n') >>> TextInput(name='city_name', title='City Name', value='Lo')
Key(key='d') >>> TextInput(name='city_name', title='City Name', value='Lon')
Key(key='o') >>> TextInput(name='city_name', title='City Name', value='Lond')
Key(key='n') >>> TextInput(name='city_name', title='City Name', value='Londo')
Key(key='enter') >>> TextInput(name='city_name', title='City Name', value='London')
Key(key='enter') >>> Climeat(title='Climeat')
ACTION Climeat(title='Climeat') submit
WindowChange(WindowView(name='WindowView#1')) >>> ScrollView(name='ScrollView#1')
WindowChange(WindowView(name='WindowView#1')) >>> ScrollView(name='ScrollView#1')
Leave() >>> Footer(keys=[])
Leave() >>> Footer(keys=[])
Key(key='escape') >>> TextInput(name='city_name', title='City Name', value='London')
Key(key='escape') >>> Climeat(title='Climeat')
Key(key='q') >>> TextInput(name='city_name', title='City Name', value='London')
Key(key='q') >>> TextInput(name='city_name', title='City Name', value='Londonq')
Key(key='q') >>> TextInput(name='city_name', title='City Name', value='Londonqq')
set_focus Static(name='Static#2')
Blur() >>> TextInput(name='city_name', title='City Name', value='Londonqqq')
MouseDown(x=38, y=1, screen_x=78, screen_y=2, button=1) >>> Static(name='Static#2')
MouseUp(x=38, y=1, screen_x=78, screen_y=2, button=1) >>> Static(name='Static#2')
Click(x=38, y=1, screen_x=78, screen_y=2, button=1) >>> Static(name='Static#2')
Key(key='q') >>> ScrollView(name='ScrollView#1')
Key(key='q') >>> Climeat(title='Climeat')
ACTION Climeat(title='Climeat') quit
CLOSED Climeat(title='Climeat')
PROCESS END
CLOSED TextInput(name='city_name', title='City Name', value='Londonqqq')
CLOSED ScrollBar(virtual_size=66, window_size=66, position=0)
CLOSED Footer(keys=[])
CLOSED CustomHeader('Climeat')
